{"report": {"environment": {"Python": "2.7.10", "Platform": "Darwin-15.3.0-x86_64-i386-64bit"}, "tests": [{"name": "periscope/projects/paa_lite/tests/opportunity/test_opportunity.py::OpportunityTests::test_search_in_python_org", "teardown": {"duration": 0.062039852142333984, "outcome": "passed", "name": "teardown"}, "setup": {"duration": 0.6620180606842041, "outcome": "passed", "name": "setup"}, "run_index": 1, "call": {"duration": 12.219724178314209, "outcome": "passed", "name": "call"}, "duration": 13.605800151824951, "outcome": "passed"}, {"name": "periscope/projects/paa_lite/tests/opportunity/test_opportunity.py::OpportunityTests::test_search_in_python_org_2_test", "teardown": {"duration": 0.11346101760864258, "outcome": "passed", "name": "teardown"}, "setup": {"duration": 0.5073070526123047, "outcome": "passed", "name": "setup"}, "run_index": 0, "call": {"duration": 11.343906164169312, "outcome": "failed", "name": "call", "longrepr": "self = <periscope.projects.paa_lite.tests.opportunity.test_opportunity.OpportunityTests testMethod=test_search_in_python_org_2_test>\n\n    def test_search_in_python_org_2_test(self):\n        driver = self.driver\n        driver.get(\"http://www.python.org\")\n        self.assertIn(\"Python\", driver.title)\n        elem = driver.find_element_by_name(\"q\")\n        elem.send_keys(\"asdadsadsadas\")\n        elem.send_keys(Keys.RETURN)\n        assert \"JD\" not in driver.page_source\n>       assert 1==2\nE       AssertionError: assert 1 == 2\n\nprojects/paa_lite/tests/opportunity/test_opportunity.py:24: AssertionError"}, "duration": 12.471981287002563, "outcome": "failed"}], "created_at": "2016-09-10 00:52:59.770101", "summary": {"duration": 13.75477910041809, "failed": 1, "passed": 1, "num_tests": 2}}}